<?xml version="1.0" encoding="UTF-8"?>
<testsuite xmlns:xsi="http://www.w3.org/2001/XMLSchema-instance" xsi:noNamespaceSchemaLocation="https://maven.apache.org/surefire/maven-surefire-plugin/xsd/surefire-test-report-3.0.xsd" version="3.0" name="com.revature.UserServiceTests" time="1.093" tests="4" errors="0" skipped="0" failures="0">
  <properties>
[...]
</properties>
  <testcase name="testInsertedUserReturnedNegativeOne" classname="com.revature.UserServiceTests" time="0.963">
    <system-out><![CDATA[Registering user....
]]></system-out>
  </testcase>
  <testcase name="testRegisterUserReturnsNewPKId" classname="com.revature.UserServiceTests" time="0.004">
    <system-out><![CDATA[Registering user....
Successfully registered user with the Id of 67
2022-06-29 09:21:19 INFO  revature.service.UserService:44 - Created user account with Id 67
]]></system-out>
  </testcase>
  <testcase name="testLoginReturnsUser" classname="com.revature.UserServiceTests" time="0.002">
    <system-out><![CDATA[Successfully Logged in!
]]></system-out>
  </testcase>
  <testcase name="testRegisterUserWithNonZeroId" classname="com.revature.UserServiceTests" time="0">
    <system-out><![CDATA[Registering user....
]]></system-out>
  </testcase>
</testsuite>